reading in target: ../target0/target.dcd
reading in target: ../target2/target.dcd
reading in target: ../target3/target.dcd
=======
iteration:	0
=======
reading in target: q0/query.dcd
reading in target: q2/query.dcd
reading in target: q3/query.dcd
state 0; types: 1 <-> 1	error:	1.0376
state 1; types: 1 <-> 1	error:	1.01349
state 2; types: 1 <-> 1	error:	1.00608
types: 1 <-> 1	sum  of errors:	1.01906
=======
iteration:	1
=======
reading in target: q0/query.dcd
reading in target: q2/query.dcd
reading in target: q3/query.dcd
state 0; types: 1 <-> 1	error:	0.968926
state 1; types: 1 <-> 1	error:	0.995732
state 2; types: 1 <-> 1	error:	0.98184
types: 1 <-> 1	sum  of errors:	0.982166
=======
iteration:	2
=======
reading in target: q0/query.dcd
reading in target: q2/query.dcd
reading in target: q3/query.dcd
state 0; types: 1 <-> 1	error:	0.975285
state 1; types: 1 <-> 1	error:	0.997818
state 2; types: 1 <-> 1	error:	0.983194
types: 1 <-> 1	sum  of errors:	0.985432
=======
iteration:	3
=======
reading in target: q0/query.dcd
reading in target: q2/query.dcd
reading in target: q3/query.dcd
state 0; types: 1 <-> 1	error:	0.980901
state 1; types: 1 <-> 1	error:	0.999437
state 2; types: 1 <-> 1	error:	0.983539
types: 1 <-> 1	sum  of errors:	0.987959
=======
iteration:	4
=======
reading in target: q0/query.dcd
reading in target: q2/query.dcd
reading in target: q3/query.dcd
state 0; types: 1 <-> 1	error:	0.986078
state 1; types: 1 <-> 1	error:	1.00283
state 2; types: 1 <-> 1	error:	0.984753
types: 1 <-> 1	sum  of errors:	0.99122
=======
iteration:	5
=======
reading in target: q0/query.dcd
reading in target: q2/query.dcd
reading in target: q3/query.dcd
state 0; types: 1 <-> 1	error:	0.986177
state 1; types: 1 <-> 1	error:	1.00284
state 2; types: 1 <-> 1	error:	0.987366
types: 1 <-> 1	sum  of errors:	0.992128
=======
iteration:	6
=======
reading in target: q0/query.dcd
reading in target: q2/query.dcd
reading in target: q3/query.dcd
state 0; types: 1 <-> 1	error:	0.991421
state 1; types: 1 <-> 1	error:	1.00342
state 2; types: 1 <-> 1	error:	0.985112
types: 1 <-> 1	sum  of errors:	0.993317
=======
iteration:	7
=======
reading in target: q0/query.dcd
reading in target: q2/query.dcd
reading in target: q3/query.dcd
state 0; types: 1 <-> 1	error:	0.992874
state 1; types: 1 <-> 1	error:	1.00123
state 2; types: 1 <-> 1	error:	0.988591
types: 1 <-> 1	sum  of errors:	0.99423
=======
iteration:	8
=======
reading in target: q0/query.dcd
reading in target: q2/query.dcd
reading in target: q3/query.dcd
state 0; types: 1 <-> 1	error:	0.995372
state 1; types: 1 <-> 1	error:	1.0075
state 2; types: 1 <-> 1	error:	0.984527
types: 1 <-> 1	sum  of errors:	0.9958
=======
iteration:	9
=======
reading in target: q0/query.dcd
reading in target: q2/query.dcd
reading in target: q3/query.dcd
state 0; types: 1 <-> 1	error:	0.997668
state 1; types: 1 <-> 1	error:	1.00419
state 2; types: 1 <-> 1	error:	0.984416
types: 1 <-> 1	sum  of errors:	0.995425
=======
iteration:	10
=======
reading in target: q0/query.dcd
reading in target: q2/query.dcd
reading in target: q3/query.dcd
state 0; types: 1 <-> 1	error:	0.996444
state 1; types: 1 <-> 1	error:	0.999936
state 2; types: 1 <-> 1	error:	0.989991
types: 1 <-> 1	sum  of errors:	0.995457
=======
iteration:	11
=======
reading in target: q0/query.dcd
reading in target: q2/query.dcd
reading in target: q3/query.dcd
state 0; types: 1 <-> 1	error:	0.996343
state 1; types: 1 <-> 1	error:	1.0028
state 2; types: 1 <-> 1	error:	0.994016
types: 1 <-> 1	sum  of errors:	0.99772
=======
iteration:	12
=======
reading in target: q0/query.dcd
reading in target: q2/query.dcd
reading in target: q3/query.dcd
state 0; types: 1 <-> 1	error:	0.99769
state 1; types: 1 <-> 1	error:	1.0015
state 2; types: 1 <-> 1	error:	0.988273
types: 1 <-> 1	sum  of errors:	0.995822
=======
iteration:	13
=======
reading in target: q0/query.dcd
reading in target: q2/query.dcd
reading in target: q3/query.dcd
state 0; types: 1 <-> 1	error:	0.998804
state 1; types: 1 <-> 1	error:	1.00004
state 2; types: 1 <-> 1	error:	0.989489
types: 1 <-> 1	sum  of errors:	0.996111
=======
iteration:	14
=======
reading in target: q0/query.dcd
reading in target: q2/query.dcd
reading in target: q3/query.dcd
state 0; types: 1 <-> 1	error:	0.998508
state 1; types: 1 <-> 1	error:	1.00181
state 2; types: 1 <-> 1	error:	0.988294
types: 1 <-> 1	sum  of errors:	0.996203
=======
iteration:	15
=======
reading in target: q0/query.dcd
reading in target: q2/query.dcd
reading in target: q3/query.dcd
state 0; types: 1 <-> 1	error:	0.997946
state 1; types: 1 <-> 1	error:	1.00339
state 2; types: 1 <-> 1	error:	0.992929
types: 1 <-> 1	sum  of errors:	0.998088
=======
iteration:	16
=======
reading in target: q0/query.dcd
reading in target: q2/query.dcd
reading in target: q3/query.dcd
state 0; types: 1 <-> 1	error:	0.995049
state 1; types: 1 <-> 1	error:	0.998118
state 2; types: 1 <-> 1	error:	0.991177
types: 1 <-> 1	sum  of errors:	0.994782
=======
iteration:	17
=======
reading in target: q0/query.dcd
reading in target: q2/query.dcd
reading in target: q3/query.dcd
state 0; types: 1 <-> 1	error:	1.00147
state 1; types: 1 <-> 1	error:	1.00032
state 2; types: 1 <-> 1	error:	0.988546
types: 1 <-> 1	sum  of errors:	0.99678
=======
iteration:	18
=======
reading in target: q0/query.dcd
reading in target: q2/query.dcd
reading in target: q3/query.dcd
state 0; types: 1 <-> 1	error:	1.00025
state 1; types: 1 <-> 1	error:	0.999124
state 2; types: 1 <-> 1	error:	0.987463
types: 1 <-> 1	sum  of errors:	0.995611
=======
iteration:	19
=======
reading in target: q0/query.dcd
reading in target: q2/query.dcd
reading in target: q3/query.dcd
state 0; types: 1 <-> 1	error:	0.999566
state 1; types: 1 <-> 1	error:	0.99803
state 2; types: 1 <-> 1	error:	0.990777
types: 1 <-> 1	sum  of errors:	0.996125
=======
iteration:	20
=======
reading in target: q0/query.dcd
reading in target: q2/query.dcd
reading in target: q3/query.dcd
state 0; types: 1 <-> 1	error:	0.998861
state 1; types: 1 <-> 1	error:	1.00324
state 2; types: 1 <-> 1	error:	0.989564
types: 1 <-> 1	sum  of errors:	0.997221
=======
iteration:	21
=======
reading in target: q0/query.dcd
reading in target: q2/query.dcd
reading in target: q3/query.dcd
state 0; types: 1 <-> 1	error:	0.996593
state 1; types: 1 <-> 1	error:	1.00068
state 2; types: 1 <-> 1	error:	0.997397
types: 1 <-> 1	sum  of errors:	0.998224
=======
iteration:	22
=======
reading in target: q0/query.dcd
reading in target: q2/query.dcd
reading in target: q3/query.dcd
state 0; types: 1 <-> 1	error:	0.997292
state 1; types: 1 <-> 1	error:	0.999935
state 2; types: 1 <-> 1	error:	0.990177
types: 1 <-> 1	sum  of errors:	0.995801
=======
iteration:	23
=======
reading in target: q0/query.dcd
reading in target: q2/query.dcd
reading in target: q3/query.dcd
state 0; types: 1 <-> 1	error:	0.999041
state 1; types: 1 <-> 1	error:	0.999059
state 2; types: 1 <-> 1	error:	0.996607
types: 1 <-> 1	sum  of errors:	0.998236
=======
iteration:	24
=======
reading in target: q0/query.dcd
reading in target: q2/query.dcd
reading in target: q3/query.dcd
state 0; types: 1 <-> 1	error:	1.00069
state 1; types: 1 <-> 1	error:	0.994767
state 2; types: 1 <-> 1	error:	0.998366
types: 1 <-> 1	sum  of errors:	0.99794
=======
iteration:	25
=======
reading in target: q0/query.dcd
reading in target: q2/query.dcd
reading in target: q3/query.dcd
state 0; types: 1 <-> 1	error:	0.999603
state 1; types: 1 <-> 1	error:	1.00064
state 2; types: 1 <-> 1	error:	0.993991
types: 1 <-> 1	sum  of errors:	0.998079
=======
iteration:	26
=======
reading in target: q0/query.dcd
reading in target: q2/query.dcd
reading in target: q3/query.dcd
state 0; types: 1 <-> 1	error:	1.00186
state 1; types: 1 <-> 1	error:	0.999743
state 2; types: 1 <-> 1	error:	0.995216
types: 1 <-> 1	sum  of errors:	0.998938
=======
iteration:	27
=======
reading in target: q0/query.dcd
reading in target: q2/query.dcd
reading in target: q3/query.dcd
state 0; types: 1 <-> 1	error:	1.00019
state 1; types: 1 <-> 1	error:	0.999398
state 2; types: 1 <-> 1	error:	0.992843
types: 1 <-> 1	sum  of errors:	0.997479
=======
iteration:	28
=======
reading in target: q0/query.dcd
reading in target: q2/query.dcd
reading in target: q3/query.dcd
state 0; types: 1 <-> 1	error:	0.998983
state 1; types: 1 <-> 1	error:	0.998828
state 2; types: 1 <-> 1	error:	0.998743
types: 1 <-> 1	sum  of errors:	0.998851
=======
iteration:	29
=======
reading in target: q0/query.dcd
reading in target: q2/query.dcd
reading in target: q3/query.dcd
state 0; types: 1 <-> 1	error:	0.999432
state 1; types: 1 <-> 1	error:	1.00268
state 2; types: 1 <-> 1	error:	0.998762
types: 1 <-> 1	sum  of errors:	1.00029
=======
iteration:	30
=======
reading in target: q0/query.dcd
reading in target: q2/query.dcd
reading in target: q3/query.dcd
state 0; types: 1 <-> 1	error:	0.998873
state 1; types: 1 <-> 1	error:	0.997769
state 2; types: 1 <-> 1	error:	0.997069
types: 1 <-> 1	sum  of errors:	0.997904
=======
iteration:	31
=======
reading in target: q0/query.dcd
reading in target: q2/query.dcd
reading in target: q3/query.dcd
state 0; types: 1 <-> 1	error:	0.999047
state 1; types: 1 <-> 1	error:	0.99896
state 2; types: 1 <-> 1	error:	0.996194
types: 1 <-> 1	sum  of errors:	0.998067
=======
iteration:	32
=======
reading in target: q0/query.dcd
reading in target: q2/query.dcd
reading in target: q3/query.dcd
state 0; types: 1 <-> 1	error:	0.998348
state 1; types: 1 <-> 1	error:	0.999835
state 2; types: 1 <-> 1	error:	0.998699
types: 1 <-> 1	sum  of errors:	0.998961
=======
iteration:	33
=======
reading in target: q0/query.dcd
reading in target: q2/query.dcd
reading in target: q3/query.dcd
state 0; types: 1 <-> 1	error:	1.00196
state 1; types: 1 <-> 1	error:	0.999928
state 2; types: 1 <-> 1	error:	0.995879
types: 1 <-> 1	sum  of errors:	0.999254
=======
iteration:	34
=======
reading in target: q0/query.dcd
reading in target: q2/query.dcd
reading in target: q3/query.dcd
state 0; types: 1 <-> 1	error:	0.998811
state 1; types: 1 <-> 1	error:	0.999196
state 2; types: 1 <-> 1	error:	0.998421
types: 1 <-> 1	sum  of errors:	0.998809
=======
iteration:	35
=======
reading in target: q0/query.dcd
reading in target: q2/query.dcd
reading in target: q3/query.dcd
state 0; types: 1 <-> 1	error:	0.999375
state 1; types: 1 <-> 1	error:	0.998729
state 2; types: 1 <-> 1	error:	0.991142
types: 1 <-> 1	sum  of errors:	0.996416
=======
iteration:	36
=======
reading in target: q0/query.dcd
reading in target: q2/query.dcd
reading in target: q3/query.dcd
state 0; types: 1 <-> 1	error:	0.999644
state 1; types: 1 <-> 1	error:	0.999127
state 2; types: 1 <-> 1	error:	0.995141
types: 1 <-> 1	sum  of errors:	0.997971
=======
iteration:	37
=======
reading in target: q0/query.dcd
reading in target: q2/query.dcd
reading in target: q3/query.dcd
state 0; types: 1 <-> 1	error:	1.00127
state 1; types: 1 <-> 1	error:	0.999113
state 2; types: 1 <-> 1	error:	0.999215
types: 1 <-> 1	sum  of errors:	0.999864
=======
iteration:	38
=======
reading in target: q0/query.dcd
reading in target: q2/query.dcd
reading in target: q3/query.dcd
state 0; types: 1 <-> 1	error:	1.00127
state 1; types: 1 <-> 1	error:	1.00025
state 2; types: 1 <-> 1	error:	0.994487
types: 1 <-> 1	sum  of errors:	0.998667
=======
iteration:	39
=======
reading in target: q0/query.dcd
reading in target: q2/query.dcd
reading in target: q3/query.dcd
state 0; types: 1 <-> 1	error:	0.997506
state 1; types: 1 <-> 1	error:	0.999063
state 2; types: 1 <-> 1	error:	1.00014
types: 1 <-> 1	sum  of errors:	0.998904
=======
iteration:	40
=======
reading in target: q0/query.dcd
reading in target: q2/query.dcd
reading in target: q3/query.dcd
state 0; types: 1 <-> 1	error:	0.999356
state 1; types: 1 <-> 1	error:	1.00124
state 2; types: 1 <-> 1	error:	0.996921
types: 1 <-> 1	sum  of errors:	0.999172
=======
iteration:	41
=======
reading in target: q0/query.dcd
reading in target: q2/query.dcd
reading in target: q3/query.dcd
state 0; types: 1 <-> 1	error:	1.00102
state 1; types: 1 <-> 1	error:	0.99991
state 2; types: 1 <-> 1	error:	0.998799
types: 1 <-> 1	sum  of errors:	0.999909
=======
iteration:	42
=======
reading in target: q0/query.dcd
reading in target: q2/query.dcd
reading in target: q3/query.dcd
state 0; types: 1 <-> 1	error:	0.998162
state 1; types: 1 <-> 1	error:	0.99955
state 2; types: 1 <-> 1	error:	0.997122
types: 1 <-> 1	sum  of errors:	0.998278
=======
iteration:	43
=======
reading in target: q0/query.dcd
reading in target: q2/query.dcd
reading in target: q3/query.dcd
state 0; types: 1 <-> 1	error:	1.00173
state 1; types: 1 <-> 1	error:	0.997011
state 2; types: 1 <-> 1	error:	1.00101
types: 1 <-> 1	sum  of errors:	0.999919
=======
iteration:	44
=======
reading in target: q0/query.dcd
reading in target: q2/query.dcd
reading in target: q3/query.dcd
state 0; types: 1 <-> 1	error:	0.99667
state 1; types: 1 <-> 1	error:	1.00062
state 2; types: 1 <-> 1	error:	0.998261
types: 1 <-> 1	sum  of errors:	0.998518
=======
iteration:	45
=======
reading in target: q0/query.dcd
reading in target: q2/query.dcd
reading in target: q3/query.dcd
state 0; types: 1 <-> 1	error:	1.00298
state 1; types: 1 <-> 1	error:	1.00013
state 2; types: 1 <-> 1	error:	0.998017
types: 1 <-> 1	sum  of errors:	1.00038
=======
iteration:	46
=======
reading in target: q0/query.dcd
reading in target: q2/query.dcd
reading in target: q3/query.dcd
state 0; types: 1 <-> 1	error:	1.00079
state 1; types: 1 <-> 1	error:	1.0012
state 2; types: 1 <-> 1	error:	1.00191
types: 1 <-> 1	sum  of errors:	1.0013
=======
iteration:	47
=======
reading in target: q0/query.dcd
reading in target: q2/query.dcd
reading in target: q3/query.dcd
state 0; types: 1 <-> 1	error:	1.00046
state 1; types: 1 <-> 1	error:	1.00046
state 2; types: 1 <-> 1	error:	0.998949
types: 1 <-> 1	sum  of errors:	0.999957
=======
iteration:	48
=======
reading in target: q0/query.dcd
reading in target: q2/query.dcd
reading in target: q3/query.dcd
state 0; types: 1 <-> 1	error:	1.00089
state 1; types: 1 <-> 1	error:	0.996701
state 2; types: 1 <-> 1	error:	0.998481
types: 1 <-> 1	sum  of errors:	0.99869
=======
iteration:	49
=======
reading in target: q0/query.dcd
reading in target: q2/query.dcd
reading in target: q3/query.dcd
state 0; types: 1 <-> 1	error:	0.999246
state 1; types: 1 <-> 1	error:	1.00213
state 2; types: 1 <-> 1	error:	1.00124
types: 1 <-> 1	sum  of errors:	1.00087
=======
iteration:	50
=======
reading in target: q0/query.dcd
reading in target: q2/query.dcd
reading in target: q3/query.dcd
state 0; types: 1 <-> 1	error:	0.999068
state 1; types: 1 <-> 1	error:	0.99722
state 2; types: 1 <-> 1	error:	1.00034
types: 1 <-> 1	sum  of errors:	0.998876
=======
iteration:	51
=======
reading in target: q0/query.dcd
reading in target: q2/query.dcd
reading in target: q3/query.dcd
state 0; types: 1 <-> 1	error:	1.00245
state 1; types: 1 <-> 1	error:	1.00224
state 2; types: 1 <-> 1	error:	1.00109
types: 1 <-> 1	sum  of errors:	1.00192
=======
iteration:	52
=======
reading in target: q0/query.dcd
reading in target: q2/query.dcd
reading in target: q3/query.dcd
state 0; types: 1 <-> 1	error:	1.00117
state 1; types: 1 <-> 1	error:	0.998045
state 2; types: 1 <-> 1	error:	1.00119
types: 1 <-> 1	sum  of errors:	1.00014
=======
iteration:	53
=======
reading in target: q0/query.dcd
reading in target: q2/query.dcd
reading in target: q3/query.dcd
state 0; types: 1 <-> 1	error:	1.00217
state 1; types: 1 <-> 1	error:	1.00291
state 2; types: 1 <-> 1	error:	0.99606
types: 1 <-> 1	sum  of errors:	1.00038
=======
iteration:	54
=======
reading in target: q0/query.dcd
reading in target: q2/query.dcd
reading in target: q3/query.dcd
state 0; types: 1 <-> 1	error:	0.99983
state 1; types: 1 <-> 1	error:	0.998059
state 2; types: 1 <-> 1	error:	0.998882
types: 1 <-> 1	sum  of errors:	0.998924
=======
iteration:	55
=======
reading in target: q0/query.dcd
reading in target: q2/query.dcd
reading in target: q3/query.dcd
state 0; types: 1 <-> 1	error:	0.998425
state 1; types: 1 <-> 1	error:	1.00167
state 2; types: 1 <-> 1	error:	0.999858
types: 1 <-> 1	sum  of errors:	0.999983
=======
iteration:	56
=======
reading in target: q0/query.dcd
reading in target: q2/query.dcd
reading in target: q3/query.dcd
state 0; types: 1 <-> 1	error:	1.00053
state 1; types: 1 <-> 1	error:	0.997992
state 2; types: 1 <-> 1	error:	0.997574
types: 1 <-> 1	sum  of errors:	0.998699
=======
iteration:	57
=======
reading in target: q0/query.dcd
reading in target: q2/query.dcd
reading in target: q3/query.dcd
state 0; types: 1 <-> 1	error:	1.0018
state 1; types: 1 <-> 1	error:	0.999422
state 2; types: 1 <-> 1	error:	0.998057
types: 1 <-> 1	sum  of errors:	0.999759
=======
iteration:	58
=======
reading in target: q0/query.dcd
reading in target: q2/query.dcd
reading in target: q3/query.dcd
state 0; types: 1 <-> 1	error:	1.001
state 1; types: 1 <-> 1	error:	1.00019
state 2; types: 1 <-> 1	error:	1.00019
types: 1 <-> 1	sum  of errors:	1.00046
=======
iteration:	59
=======
reading in target: q0/query.dcd
reading in target: q2/query.dcd
reading in target: q3/query.dcd
state 0; types: 1 <-> 1	error:	1.00178
state 1; types: 1 <-> 1	error:	0.999577
state 2; types: 1 <-> 1	error:	1.00467
types: 1 <-> 1	sum  of errors:	1.00201
=======
iteration:	60
=======
reading in target: q0/query.dcd
reading in target: q2/query.dcd
reading in target: q3/query.dcd
state 0; types: 1 <-> 1	error:	0.998138
state 1; types: 1 <-> 1	error:	1.00141
state 2; types: 1 <-> 1	error:	1.00328
types: 1 <-> 1	sum  of errors:	1.00094
=======
iteration:	61
=======
reading in target: q0/query.dcd
reading in target: q2/query.dcd
reading in target: q3/query.dcd
state 0; types: 1 <-> 1	error:	1.00157
state 1; types: 1 <-> 1	error:	0.998372
state 2; types: 1 <-> 1	error:	0.997823
types: 1 <-> 1	sum  of errors:	0.999256
=======
iteration:	62
=======
reading in target: q0/query.dcd
reading in target: q2/query.dcd
reading in target: q3/query.dcd
state 0; types: 1 <-> 1	error:	1.002
state 1; types: 1 <-> 1	error:	0.996743
state 2; types: 1 <-> 1	error:	1.0019
types: 1 <-> 1	sum  of errors:	1.00022
=======
iteration:	63
=======
reading in target: q0/query.dcd
reading in target: q2/query.dcd
reading in target: q3/query.dcd
state 0; types: 1 <-> 1	error:	0.998175
state 1; types: 1 <-> 1	error:	0.996332
state 2; types: 1 <-> 1	error:	1.00463
types: 1 <-> 1	sum  of errors:	0.999712
=======
iteration:	64
=======
reading in target: q0/query.dcd
reading in target: q2/query.dcd
reading in target: q3/query.dcd
state 0; types: 1 <-> 1	error:	0.99911
state 1; types: 1 <-> 1	error:	0.999355
state 2; types: 1 <-> 1	error:	0.999373
types: 1 <-> 1	sum  of errors:	0.999279
=======
iteration:	65
=======
reading in target: q0/query.dcd
reading in target: q2/query.dcd
reading in target: q3/query.dcd
state 0; types: 1 <-> 1	error:	0.99827
state 1; types: 1 <-> 1	error:	0.998632
state 2; types: 1 <-> 1	error:	0.999451
types: 1 <-> 1	sum  of errors:	0.998784
=======
iteration:	66
=======
reading in target: q0/query.dcd
reading in target: q2/query.dcd
reading in target: q3/query.dcd
state 0; types: 1 <-> 1	error:	0.99904
state 1; types: 1 <-> 1	error:	1.00036
state 2; types: 1 <-> 1	error:	1.00035
types: 1 <-> 1	sum  of errors:	0.99992
=======
iteration:	67
=======
reading in target: q0/query.dcd
reading in target: q2/query.dcd
reading in target: q3/query.dcd
state 0; types: 1 <-> 1	error:	1.00222
state 1; types: 1 <-> 1	error:	0.997504
state 2; types: 1 <-> 1	error:	0.999608
types: 1 <-> 1	sum  of errors:	0.999777
=======
iteration:	68
=======
reading in target: q0/query.dcd
reading in target: q2/query.dcd
reading in target: q3/query.dcd
state 0; types: 1 <-> 1	error:	1.0013
state 1; types: 1 <-> 1	error:	1.00278
state 2; types: 1 <-> 1	error:	0.998921
types: 1 <-> 1	sum  of errors:	1.001
=======
iteration:	69
=======
reading in target: q0/query.dcd
reading in target: q2/query.dcd
reading in target: q3/query.dcd
state 0; types: 1 <-> 1	error:	0.99845
state 1; types: 1 <-> 1	error:	0.996494
state 2; types: 1 <-> 1	error:	1.00569
types: 1 <-> 1	sum  of errors:	1.00021
=======
iteration:	70
=======
reading in target: q0/query.dcd
reading in target: q2/query.dcd
reading in target: q3/query.dcd
state 0; types: 1 <-> 1	error:	1.0001
state 1; types: 1 <-> 1	error:	1.00021
state 2; types: 1 <-> 1	error:	0.997652
types: 1 <-> 1	sum  of errors:	0.999322
=======
iteration:	71
=======
reading in target: q0/query.dcd
reading in target: q2/query.dcd
reading in target: q3/query.dcd
state 0; types: 1 <-> 1	error:	1.002
state 1; types: 1 <-> 1	error:	0.997302
state 2; types: 1 <-> 1	error:	0.997048
types: 1 <-> 1	sum  of errors:	0.998785
=======
iteration:	72
=======
reading in target: q0/query.dcd
reading in target: q2/query.dcd
reading in target: q3/query.dcd
state 0; types: 1 <-> 1	error:	1.00022
state 1; types: 1 <-> 1	error:	1.00196
state 2; types: 1 <-> 1	error:	1.00036
types: 1 <-> 1	sum  of errors:	1.00085
=======
iteration:	73
=======
reading in target: q0/query.dcd
reading in target: q2/query.dcd
reading in target: q3/query.dcd
state 0; types: 1 <-> 1	error:	0.999426
state 1; types: 1 <-> 1	error:	1.00041
state 2; types: 1 <-> 1	error:	1.00501
types: 1 <-> 1	sum  of errors:	1.00162
=======
iteration:	74
=======
reading in target: q0/query.dcd
reading in target: q2/query.dcd
reading in target: q3/query.dcd
state 0; types: 1 <-> 1	error:	0.996681
state 1; types: 1 <-> 1	error:	0.998281
state 2; types: 1 <-> 1	error:	1.00211
types: 1 <-> 1	sum  of errors:	0.999025
=======
iteration:	75
=======
reading in target: q0/query.dcd
reading in target: q2/query.dcd
reading in target: q3/query.dcd
state 0; types: 1 <-> 1	error:	1.00178
state 1; types: 1 <-> 1	error:	0.997581
state 2; types: 1 <-> 1	error:	1.00112
types: 1 <-> 1	sum  of errors:	1.00016
=======
iteration:	76
=======
reading in target: q0/query.dcd
reading in target: q2/query.dcd
reading in target: q3/query.dcd
state 0; types: 1 <-> 1	error:	1.00581
state 1; types: 1 <-> 1	error:	0.998726
state 2; types: 1 <-> 1	error:	0.998934
types: 1 <-> 1	sum  of errors:	1.00116
=======
iteration:	77
=======
reading in target: q0/query.dcd
reading in target: q2/query.dcd
reading in target: q3/query.dcd
state 0; types: 1 <-> 1	error:	1.0018
state 1; types: 1 <-> 1	error:	0.999694
state 2; types: 1 <-> 1	error:	1.00299
types: 1 <-> 1	sum  of errors:	1.00149
=======
iteration:	78
=======
reading in target: q0/query.dcd
reading in target: q2/query.dcd
reading in target: q3/query.dcd
state 0; types: 1 <-> 1	error:	0.999816
state 1; types: 1 <-> 1	error:	0.998103
state 2; types: 1 <-> 1	error:	0.999492
types: 1 <-> 1	sum  of errors:	0.999137
=======
iteration:	79
=======
reading in target: q0/query.dcd
reading in target: q2/query.dcd
reading in target: q3/query.dcd
state 0; types: 1 <-> 1	error:	1.00063
state 1; types: 1 <-> 1	error:	1.00097
state 2; types: 1 <-> 1	error:	1.00493
types: 1 <-> 1	sum  of errors:	1.00218
=======
iteration:	80
=======
reading in target: q0/query.dcd
reading in target: q2/query.dcd
reading in target: q3/query.dcd
state 0; types: 1 <-> 1	error:	1.00159
state 1; types: 1 <-> 1	error:	0.999748
state 2; types: 1 <-> 1	error:	0.998638
types: 1 <-> 1	sum  of errors:	0.999992
=======
iteration:	81
=======
reading in target: q0/query.dcd
reading in target: q2/query.dcd
reading in target: q3/query.dcd
state 0; types: 1 <-> 1	error:	1.00004
state 1; types: 1 <-> 1	error:	1.00007
state 2; types: 1 <-> 1	error:	1.00207
types: 1 <-> 1	sum  of errors:	1.00073
=======
iteration:	82
=======
reading in target: q0/query.dcd
reading in target: q2/query.dcd
reading in target: q3/query.dcd
state 0; types: 1 <-> 1	error:	1.00083
state 1; types: 1 <-> 1	error:	0.996116
state 2; types: 1 <-> 1	error:	1.00229
types: 1 <-> 1	sum  of errors:	0.999745
=======
iteration:	83
=======
reading in target: q0/query.dcd
reading in target: q2/query.dcd
reading in target: q3/query.dcd
state 0; types: 1 <-> 1	error:	0.997318
state 1; types: 1 <-> 1	error:	0.99911
state 2; types: 1 <-> 1	error:	1.00225
types: 1 <-> 1	sum  of errors:	0.999558
=======
iteration:	84
=======
reading in target: q0/query.dcd
reading in target: q2/query.dcd
reading in target: q3/query.dcd
state 0; types: 1 <-> 1	error:	0.999175
state 1; types: 1 <-> 1	error:	1.00062
state 2; types: 1 <-> 1	error:	0.998956
types: 1 <-> 1	sum  of errors:	0.999585
=======
iteration:	85
=======
reading in target: q0/query.dcd
reading in target: q2/query.dcd
reading in target: q3/query.dcd
state 0; types: 1 <-> 1	error:	0.99768
state 1; types: 1 <-> 1	error:	0.998341
state 2; types: 1 <-> 1	error:	1.00224
types: 1 <-> 1	sum  of errors:	0.999422
=======
iteration:	86
=======
reading in target: q0/query.dcd
reading in target: q2/query.dcd
reading in target: q3/query.dcd
state 0; types: 1 <-> 1	error:	0.999478
state 1; types: 1 <-> 1	error:	0.996733
state 2; types: 1 <-> 1	error:	1.00039
types: 1 <-> 1	sum  of errors:	0.998866
=======
iteration:	87
=======
reading in target: q0/query.dcd
reading in target: q2/query.dcd
reading in target: q3/query.dcd
state 0; types: 1 <-> 1	error:	1.00083
state 1; types: 1 <-> 1	error:	1.00072
state 2; types: 1 <-> 1	error:	1.00354
types: 1 <-> 1	sum  of errors:	1.0017
=======
iteration:	88
=======
reading in target: q0/query.dcd
reading in target: q2/query.dcd
reading in target: q3/query.dcd
state 0; types: 1 <-> 1	error:	0.998343
state 1; types: 1 <-> 1	error:	0.999412
state 2; types: 1 <-> 1	error:	0.997013
types: 1 <-> 1	sum  of errors:	0.998256
=======
iteration:	89
=======
reading in target: q0/query.dcd
reading in target: q2/query.dcd
reading in target: q3/query.dcd
state 0; types: 1 <-> 1	error:	0.999691
state 1; types: 1 <-> 1	error:	1.00093
state 2; types: 1 <-> 1	error:	1.0003
types: 1 <-> 1	sum  of errors:	1.00031
=======
iteration:	90
=======
reading in target: q0/query.dcd
reading in target: q2/query.dcd
reading in target: q3/query.dcd
state 0; types: 1 <-> 1	error:	0.998694
state 1; types: 1 <-> 1	error:	0.998881
state 2; types: 1 <-> 1	error:	0.998484
types: 1 <-> 1	sum  of errors:	0.998686
=======
iteration:	91
=======
reading in target: q0/query.dcd
reading in target: q2/query.dcd
reading in target: q3/query.dcd
state 0; types: 1 <-> 1	error:	0.99971
state 1; types: 1 <-> 1	error:	0.999325
state 2; types: 1 <-> 1	error:	1.00423
types: 1 <-> 1	sum  of errors:	1.00109
=======
iteration:	92
=======
reading in target: q0/query.dcd
reading in target: q2/query.dcd
reading in target: q3/query.dcd
state 0; types: 1 <-> 1	error:	0.99903
state 1; types: 1 <-> 1	error:	0.99755
state 2; types: 1 <-> 1	error:	1.00524
types: 1 <-> 1	sum  of errors:	1.00061
=======
iteration:	93
=======
reading in target: q0/query.dcd
reading in target: q2/query.dcd
reading in target: q3/query.dcd
state 0; types: 1 <-> 1	error:	1.00126
state 1; types: 1 <-> 1	error:	0.997623
state 2; types: 1 <-> 1	error:	0.999439
types: 1 <-> 1	sum  of errors:	0.999439
=======
iteration:	94
=======
reading in target: q0/query.dcd
reading in target: q2/query.dcd
reading in target: q3/query.dcd
state 0; types: 1 <-> 1	error:	1.00009
state 1; types: 1 <-> 1	error:	0.998514
state 2; types: 1 <-> 1	error:	0.999396
types: 1 <-> 1	sum  of errors:	0.999335
=======
iteration:	95
=======
reading in target: q0/query.dcd
reading in target: q2/query.dcd
reading in target: q3/query.dcd
state 0; types: 1 <-> 1	error:	1.00213
state 1; types: 1 <-> 1	error:	0.999825
state 2; types: 1 <-> 1	error:	0.998638
types: 1 <-> 1	sum  of errors:	1.0002
=======
iteration:	96
=======
reading in target: q0/query.dcd
reading in target: q2/query.dcd
reading in target: q3/query.dcd
state 0; types: 1 <-> 1	error:	0.999719
state 1; types: 1 <-> 1	error:	1.00111
state 2; types: 1 <-> 1	error:	1.00068
types: 1 <-> 1	sum  of errors:	1.0005
=======
iteration:	97
=======
reading in target: q0/query.dcd
reading in target: q2/query.dcd
reading in target: q3/query.dcd
state 0; types: 1 <-> 1	error:	0.997996
state 1; types: 1 <-> 1	error:	0.999245
state 2; types: 1 <-> 1	error:	1.00396
types: 1 <-> 1	sum  of errors:	1.0004
=======
iteration:	98
=======
reading in target: q0/query.dcd
reading in target: q2/query.dcd
reading in target: q3/query.dcd
state 0; types: 1 <-> 1	error:	1.00162
state 1; types: 1 <-> 1	error:	0.998889
state 2; types: 1 <-> 1	error:	1.00122
types: 1 <-> 1	sum  of errors:	1.00058
=======
iteration:	99
=======
reading in target: q0/query.dcd
reading in target: q2/query.dcd
reading in target: q3/query.dcd
state 0; types: 1 <-> 1	error:	1.00414
state 1; types: 1 <-> 1	error:	1.00023
state 2; types: 1 <-> 1	error:	1.00109
types: 1 <-> 1	sum  of errors:	1.00182
=======
iteration:	100
=======
reading in target: q0/query.dcd
reading in target: q2/query.dcd
reading in target: q3/query.dcd
state 0; types: 1 <-> 1	error:	0.99762
state 1; types: 1 <-> 1	error:	0.998866
state 2; types: 1 <-> 1	error:	0.998983
types: 1 <-> 1	sum  of errors:	0.998489
=======
iteration:	101
=======
reading in target: q0/query.dcd
reading in target: q2/query.dcd
reading in target: q3/query.dcd
state 0; types: 1 <-> 1	error:	1.00143
state 1; types: 1 <-> 1	error:	1.00076
state 2; types: 1 <-> 1	error:	1.00055
types: 1 <-> 1	sum  of errors:	1.00091
=======
iteration:	102
=======
reading in target: q0/query.dcd
reading in target: q2/query.dcd
reading in target: q3/query.dcd
state 0; types: 1 <-> 1	error:	0.999032
state 1; types: 1 <-> 1	error:	0.999007
state 2; types: 1 <-> 1	error:	1.00067
types: 1 <-> 1	sum  of errors:	0.999569
=======
iteration:	103
=======
reading in target: q0/query.dcd
reading in target: q2/query.dcd
reading in target: q3/query.dcd
state 0; types: 1 <-> 1	error:	0.998428
state 1; types: 1 <-> 1	error:	0.999879
state 2; types: 1 <-> 1	error:	1.00693
types: 1 <-> 1	sum  of errors:	1.00175
=======
iteration:	104
=======
reading in target: q0/query.dcd
reading in target: q2/query.dcd
reading in target: q3/query.dcd
state 0; types: 1 <-> 1	error:	1.00113
state 1; types: 1 <-> 1	error:	0.999997
state 2; types: 1 <-> 1	error:	0.999184
types: 1 <-> 1	sum  of errors:	1.0001
=======
iteration:	105
=======
reading in target: q0/query.dcd
reading in target: q2/query.dcd
reading in target: q3/query.dcd
state 0; types: 1 <-> 1	error:	0.999541
state 1; types: 1 <-> 1	error:	0.998512
state 2; types: 1 <-> 1	error:	1.00261
types: 1 <-> 1	sum  of errors:	1.00022
=======
iteration:	106
=======
reading in target: q0/query.dcd
reading in target: q2/query.dcd
reading in target: q3/query.dcd
state 0; types: 1 <-> 1	error:	1.00165
state 1; types: 1 <-> 1	error:	0.999932
state 2; types: 1 <-> 1	error:	1.0062
types: 1 <-> 1	sum  of errors:	1.00259
=======
iteration:	107
=======
reading in target: q0/query.dcd
reading in target: q2/query.dcd
reading in target: q3/query.dcd
state 0; types: 1 <-> 1	error:	0.999395
state 1; types: 1 <-> 1	error:	1.00171
state 2; types: 1 <-> 1	error:	1.00144
types: 1 <-> 1	sum  of errors:	1.00085
=======
iteration:	108
=======
reading in target: q0/query.dcd
reading in target: q2/query.dcd
reading in target: q3/query.dcd
state 0; types: 1 <-> 1	error:	0.999009
state 1; types: 1 <-> 1	error:	1.00104
state 2; types: 1 <-> 1	error:	0.997541
types: 1 <-> 1	sum  of errors:	0.999197
=======
iteration:	109
=======
reading in target: q0/query.dcd
reading in target: q2/query.dcd
reading in target: q3/query.dcd
state 0; types: 1 <-> 1	error:	0.999046
state 1; types: 1 <-> 1	error:	0.999703
state 2; types: 1 <-> 1	error:	1.00618
types: 1 <-> 1	sum  of errors:	1.00164
=======
iteration:	110
=======
reading in target: q0/query.dcd
reading in target: q2/query.dcd
reading in target: q3/query.dcd
state 0; types: 1 <-> 1	error:	1.00147
state 1; types: 1 <-> 1	error:	0.998418
state 2; types: 1 <-> 1	error:	1.00557
types: 1 <-> 1	sum  of errors:	1.00182
=======
iteration:	111
=======
reading in target: q0/query.dcd
reading in target: q2/query.dcd
reading in target: q3/query.dcd
state 0; types: 1 <-> 1	error:	0.997804
state 1; types: 1 <-> 1	error:	0.994288
state 2; types: 1 <-> 1	error:	0.99834
types: 1 <-> 1	sum  of errors:	0.996811
=======
iteration:	112
=======
reading in target: q0/query.dcd
reading in target: q2/query.dcd
reading in target: q3/query.dcd
state 0; types: 1 <-> 1	error:	0.995576
state 1; types: 1 <-> 1	error:	1.0018
state 2; types: 1 <-> 1	error:	0.999231
types: 1 <-> 1	sum  of errors:	0.998868
=======
iteration:	113
=======
reading in target: q0/query.dcd
reading in target: q2/query.dcd
reading in target: q3/query.dcd
state 0; types: 1 <-> 1	error:	1.00039
state 1; types: 1 <-> 1	error:	1.00042
state 2; types: 1 <-> 1	error:	1.00295
types: 1 <-> 1	sum  of errors:	1.00125
=======
iteration:	114
=======
reading in target: q0/query.dcd
reading in target: q2/query.dcd
reading in target: q3/query.dcd
state 0; types: 1 <-> 1	error:	1.00056
state 1; types: 1 <-> 1	error:	1.00037
state 2; types: 1 <-> 1	error:	0.99811
types: 1 <-> 1	sum  of errors:	0.999679
=======
iteration:	115
=======
reading in target: q0/query.dcd
reading in target: q2/query.dcd
reading in target: q3/query.dcd
state 0; types: 1 <-> 1	error:	0.998975
state 1; types: 1 <-> 1	error:	0.999673
state 2; types: 1 <-> 1	error:	0.999327
types: 1 <-> 1	sum  of errors:	0.999325
=======
iteration:	116
=======
reading in target: q0/query.dcd
reading in target: q2/query.dcd
reading in target: q3/query.dcd
state 0; types: 1 <-> 1	error:	0.998801
state 1; types: 1 <-> 1	error:	0.999473
state 2; types: 1 <-> 1	error:	1.006
types: 1 <-> 1	sum  of errors:	1.00142
=======
iteration:	117
=======
reading in target: q0/query.dcd
reading in target: q2/query.dcd
reading in target: q3/query.dcd
state 0; types: 1 <-> 1	error:	1.00262
state 1; types: 1 <-> 1	error:	0.998145
state 2; types: 1 <-> 1	error:	1.0036
types: 1 <-> 1	sum  of errors:	1.00146
=======
iteration:	118
=======
reading in target: q0/query.dcd
reading in target: q2/query.dcd
reading in target: q3/query.dcd
state 0; types: 1 <-> 1	error:	0.999877
state 1; types: 1 <-> 1	error:	0.997714
state 2; types: 1 <-> 1	error:	1.00173
types: 1 <-> 1	sum  of errors:	0.999773
=======
iteration:	119
=======
reading in target: q0/query.dcd
reading in target: q2/query.dcd
reading in target: q3/query.dcd
state 0; types: 1 <-> 1	error:	1.00113
state 1; types: 1 <-> 1	error:	0.998477
state 2; types: 1 <-> 1	error:	1.00496
types: 1 <-> 1	sum  of errors:	1.00152
=======
iteration:	120
=======
reading in target: q0/query.dcd
reading in target: q2/query.dcd
reading in target: q3/query.dcd
state 0; types: 1 <-> 1	error:	0.999749
state 1; types: 1 <-> 1	error:	0.999233
state 2; types: 1 <-> 1	error:	1.00287
types: 1 <-> 1	sum  of errors:	1.00062
=======
iteration:	121
=======
reading in target: q0/query.dcd
reading in target: q2/query.dcd
reading in target: q3/query.dcd
state 0; types: 1 <-> 1	error:	0.997519
state 1; types: 1 <-> 1	error:	0.999285
state 2; types: 1 <-> 1	error:	1.00267
types: 1 <-> 1	sum  of errors:	0.999826
=======
iteration:	122
=======
reading in target: q0/query.dcd
reading in target: q2/query.dcd
reading in target: q3/query.dcd
state 0; types: 1 <-> 1	error:	1.00311
state 1; types: 1 <-> 1	error:	1.00099
state 2; types: 1 <-> 1	error:	0.999287
types: 1 <-> 1	sum  of errors:	1.00113
=======
iteration:	123
=======
reading in target: q0/query.dcd
reading in target: q2/query.dcd
reading in target: q3/query.dcd
state 0; types: 1 <-> 1	error:	1.0011
state 1; types: 1 <-> 1	error:	1.00021
state 2; types: 1 <-> 1	error:	0.999761
types: 1 <-> 1	sum  of errors:	1.00036
=======
iteration:	124
=======
reading in target: q0/query.dcd
reading in target: q2/query.dcd
reading in target: q3/query.dcd
state 0; types: 1 <-> 1	error:	0.999541
state 1; types: 1 <-> 1	error:	1.00264
state 2; types: 1 <-> 1	error:	1.00165
types: 1 <-> 1	sum  of errors:	1.00128
=======
iteration:	125
=======
reading in target: q0/query.dcd
reading in target: q2/query.dcd
reading in target: q3/query.dcd
state 0; types: 1 <-> 1	error:	0.998559
state 1; types: 1 <-> 1	error:	0.998529
state 2; types: 1 <-> 1	error:	1.00003
types: 1 <-> 1	sum  of errors:	0.999038
=======
iteration:	126
=======
reading in target: q0/query.dcd
reading in target: q2/query.dcd
reading in target: q3/query.dcd
state 0; types: 1 <-> 1	error:	0.999455
state 1; types: 1 <-> 1	error:	1.0008
state 2; types: 1 <-> 1	error:	0.998013
types: 1 <-> 1	sum  of errors:	0.999424
=======
iteration:	127
=======
reading in target: q0/query.dcd
reading in target: q2/query.dcd
reading in target: q3/query.dcd
state 0; types: 1 <-> 1	error:	1.00261
state 1; types: 1 <-> 1	error:	0.998464
state 2; types: 1 <-> 1	error:	1.00392
types: 1 <-> 1	sum  of errors:	1.00167
=======
iteration:	128
=======
reading in target: q0/query.dcd
reading in target: q2/query.dcd
reading in target: q3/query.dcd
state 0; types: 1 <-> 1	error:	1.00117
state 1; types: 1 <-> 1	error:	1.00062
state 2; types: 1 <-> 1	error:	0.999053
types: 1 <-> 1	sum  of errors:	1.00028
=======
iteration:	129
=======
reading in target: q0/query.dcd
reading in target: q2/query.dcd
reading in target: q3/query.dcd
state 0; types: 1 <-> 1	error:	1.00201
state 1; types: 1 <-> 1	error:	1.00062
state 2; types: 1 <-> 1	error:	1.00095
types: 1 <-> 1	sum  of errors:	1.00119
=======
iteration:	130
=======
reading in target: q0/query.dcd
reading in target: q2/query.dcd
reading in target: q3/query.dcd
state 0; types: 1 <-> 1	error:	0.99993
state 1; types: 1 <-> 1	error:	1.00056
state 2; types: 1 <-> 1	error:	1.00327
types: 1 <-> 1	sum  of errors:	1.00125
=======
iteration:	131
=======
reading in target: q0/query.dcd
reading in target: q2/query.dcd
reading in target: q3/query.dcd
state 0; types: 1 <-> 1	error:	1.00099
state 1; types: 1 <-> 1	error:	0.997524
state 2; types: 1 <-> 1	error:	0.997145
types: 1 <-> 1	sum  of errors:	0.998553
=======
iteration:	132
=======
reading in target: q0/query.dcd
reading in target: q2/query.dcd
reading in target: q3/query.dcd
state 0; types: 1 <-> 1	error:	1.00166
state 1; types: 1 <-> 1	error:	1.00057
state 2; types: 1 <-> 1	error:	1.00601
types: 1 <-> 1	sum  of errors:	1.00274
=======
iteration:	133
=======
reading in target: q0/query.dcd
reading in target: q2/query.dcd
reading in target: q3/query.dcd
state 0; types: 1 <-> 1	error:	0.998948
state 1; types: 1 <-> 1	error:	0.998123
state 2; types: 1 <-> 1	error:	0.999691
types: 1 <-> 1	sum  of errors:	0.998921
=======
iteration:	134
=======
reading in target: q0/query.dcd
reading in target: q2/query.dcd
reading in target: q3/query.dcd
state 0; types: 1 <-> 1	error:	1.00067
state 1; types: 1 <-> 1	error:	1.00028
state 2; types: 1 <-> 1	error:	0.996966
types: 1 <-> 1	sum  of errors:	0.999306
=======
iteration:	135
=======
reading in target: q0/query.dcd
reading in target: q2/query.dcd
reading in target: q3/query.dcd
state 0; types: 1 <-> 1	error:	1.00133
state 1; types: 1 <-> 1	error:	0.997066
state 2; types: 1 <-> 1	error:	1.00177
types: 1 <-> 1	sum  of errors:	1.00006
=======
iteration:	136
=======
reading in target: q0/query.dcd
reading in target: q2/query.dcd
reading in target: q3/query.dcd
state 0; types: 1 <-> 1	error:	0.999652
state 1; types: 1 <-> 1	error:	0.999762
state 2; types: 1 <-> 1	error:	1.00274
types: 1 <-> 1	sum  of errors:	1.00072
=======
iteration:	137
=======
reading in target: q0/query.dcd
reading in target: q2/query.dcd
reading in target: q3/query.dcd
state 0; types: 1 <-> 1	error:	0.999667
state 1; types: 1 <-> 1	error:	1.00161
state 2; types: 1 <-> 1	error:	1.00084
types: 1 <-> 1	sum  of errors:	1.00071
=======
iteration:	138
=======
reading in target: q0/query.dcd
reading in target: q2/query.dcd
reading in target: q3/query.dcd
state 0; types: 1 <-> 1	error:	1.00023
state 1; types: 1 <-> 1	error:	1.00057
state 2; types: 1 <-> 1	error:	0.997823
types: 1 <-> 1	sum  of errors:	0.99954
=======
iteration:	139
=======
reading in target: q0/query.dcd
reading in target: q2/query.dcd
reading in target: q3/query.dcd
state 0; types: 1 <-> 1	error:	0.999764
state 1; types: 1 <-> 1	error:	1.00054
state 2; types: 1 <-> 1	error:	1.00147
types: 1 <-> 1	sum  of errors:	1.00059
=======
iteration:	140
=======
reading in target: q0/query.dcd
reading in target: q2/query.dcd
reading in target: q3/query.dcd
state 0; types: 1 <-> 1	error:	1.00048
state 1; types: 1 <-> 1	error:	0.996962
state 2; types: 1 <-> 1	error:	1.00567
types: 1 <-> 1	sum  of errors:	1.00104
=======
iteration:	141
=======
reading in target: q0/query.dcd
reading in target: q2/query.dcd
reading in target: q3/query.dcd
state 0; types: 1 <-> 1	error:	0.998771
state 1; types: 1 <-> 1	error:	0.997959
state 2; types: 1 <-> 1	error:	1.00822
types: 1 <-> 1	sum  of errors:	1.00165
=======
iteration:	142
=======
reading in target: q0/query.dcd
reading in target: q2/query.dcd
reading in target: q3/query.dcd
state 0; types: 1 <-> 1	error:	0.99987
state 1; types: 1 <-> 1	error:	0.996044
state 2; types: 1 <-> 1	error:	1.00777
types: 1 <-> 1	sum  of errors:	1.00123
=======
iteration:	143
=======
reading in target: q0/query.dcd
reading in target: q2/query.dcd
reading in target: q3/query.dcd
state 0; types: 1 <-> 1	error:	0.997693
state 1; types: 1 <-> 1	error:	1
state 2; types: 1 <-> 1	error:	1.00087
types: 1 <-> 1	sum  of errors:	0.999523
=======
iteration:	144
=======
reading in target: q0/query.dcd
reading in target: q2/query.dcd
reading in target: q3/query.dcd
state 0; types: 1 <-> 1	error:	1.00111
state 1; types: 1 <-> 1	error:	0.996531
state 2; types: 1 <-> 1	error:	0.999859
types: 1 <-> 1	sum  of errors:	0.999168
=======
iteration:	145
=======
reading in target: q0/query.dcd
reading in target: q2/query.dcd
reading in target: q3/query.dcd
state 0; types: 1 <-> 1	error:	0.999533
state 1; types: 1 <-> 1	error:	1.00018
state 2; types: 1 <-> 1	error:	0.999791
types: 1 <-> 1	sum  of errors:	0.999834
=======
iteration:	146
=======
reading in target: q0/query.dcd
reading in target: q2/query.dcd
reading in target: q3/query.dcd
state 0; types: 1 <-> 1	error:	0.99957
state 1; types: 1 <-> 1	error:	1.00114
state 2; types: 1 <-> 1	error:	1.00384
types: 1 <-> 1	sum  of errors:	1.00152
=======
iteration:	147
=======
reading in target: q0/query.dcd
reading in target: q2/query.dcd
reading in target: q3/query.dcd
state 0; types: 1 <-> 1	error:	1.00058
state 1; types: 1 <-> 1	error:	1.00046
state 2; types: 1 <-> 1	error:	1.00111
types: 1 <-> 1	sum  of errors:	1.00072
=======
iteration:	148
=======
reading in target: q0/query.dcd
reading in target: q2/query.dcd
reading in target: q3/query.dcd
state 0; types: 1 <-> 1	error:	1.00046
state 1; types: 1 <-> 1	error:	0.998886
state 2; types: 1 <-> 1	error:	0.998201
types: 1 <-> 1	sum  of errors:	0.999181
=======
iteration:	149
=======
reading in target: q0/query.dcd
reading in target: q2/query.dcd
reading in target: q3/query.dcd
state 0; types: 1 <-> 1	error:	1.00325
state 1; types: 1 <-> 1	error:	0.99588
state 2; types: 1 <-> 1	error:	1.00224
types: 1 <-> 1	sum  of errors:	1.00046
=======
iteration:	150
=======
reading in target: q0/query.dcd
reading in target: q2/query.dcd
reading in target: q3/query.dcd
state 0; types: 1 <-> 1	error:	0.999544
state 1; types: 1 <-> 1	error:	0.996749
state 2; types: 1 <-> 1	error:	1.00056
types: 1 <-> 1	sum  of errors:	0.99895
=======
iteration:	151
=======
reading in target: q0/query.dcd
reading in target: q2/query.dcd
reading in target: q3/query.dcd
state 0; types: 1 <-> 1	error:	1.0021
state 1; types: 1 <-> 1	error:	0.999842
state 2; types: 1 <-> 1	error:	1.00296
types: 1 <-> 1	sum  of errors:	1.00163
=======
iteration:	152
=======
reading in target: q0/query.dcd
reading in target: q2/query.dcd
reading in target: q3/query.dcd
state 0; types: 1 <-> 1	error:	1.00028
state 1; types: 1 <-> 1	error:	0.99613
state 2; types: 1 <-> 1	error:	0.99747
types: 1 <-> 1	sum  of errors:	0.99796
=======
iteration:	153
=======
reading in target: q0/query.dcd
reading in target: q2/query.dcd
reading in target: q3/query.dcd
state 0; types: 1 <-> 1	error:	1.00159
state 1; types: 1 <-> 1	error:	1.00226
state 2; types: 1 <-> 1	error:	0.998952
types: 1 <-> 1	sum  of errors:	1.00094
=======
iteration:	154
=======
reading in target: q0/query.dcd
reading in target: q2/query.dcd
reading in target: q3/query.dcd
state 0; types: 1 <-> 1	error:	1.00059
state 1; types: 1 <-> 1	error:	0.999705
state 2; types: 1 <-> 1	error:	0.998791
types: 1 <-> 1	sum  of errors:	0.999695
=======
iteration:	155
=======
reading in target: q0/query.dcd
reading in target: q2/query.dcd
reading in target: q3/query.dcd
state 0; types: 1 <-> 1	error:	0.997571
state 1; types: 1 <-> 1	error:	1.00077
state 2; types: 1 <-> 1	error:	0.998549
types: 1 <-> 1	sum  of errors:	0.998964
=======
iteration:	156
=======
reading in target: q0/query.dcd
reading in target: q2/query.dcd
reading in target: q3/query.dcd
state 0; types: 1 <-> 1	error:	1.00055
state 1; types: 1 <-> 1	error:	0.99877
state 2; types: 1 <-> 1	error:	1.00356
types: 1 <-> 1	sum  of errors:	1.00096
=======
iteration:	157
=======
reading in target: q0/query.dcd
reading in target: q2/query.dcd
reading in target: q3/query.dcd
state 0; types: 1 <-> 1	error:	0.995607
state 1; types: 1 <-> 1	error:	0.99611
state 2; types: 1 <-> 1	error:	1.00448
types: 1 <-> 1	sum  of errors:	0.998733
=======
iteration:	158
=======
reading in target: q0/query.dcd
reading in target: q2/query.dcd
reading in target: q3/query.dcd
state 0; types: 1 <-> 1	error:	0.999696
state 1; types: 1 <-> 1	error:	1.00029
state 2; types: 1 <-> 1	error:	1.00542
types: 1 <-> 1	sum  of errors:	1.0018
=======
iteration:	159
=======
reading in target: q0/query.dcd
reading in target: q2/query.dcd
reading in target: q3/query.dcd
state 0; types: 1 <-> 1	error:	1.00101
state 1; types: 1 <-> 1	error:	0.997728
state 2; types: 1 <-> 1	error:	0.998909
types: 1 <-> 1	sum  of errors:	0.999215
=======
iteration:	160
=======
reading in target: q0/query.dcd
reading in target: q2/query.dcd
reading in target: q3/query.dcd
state 0; types: 1 <-> 1	error:	1.00119
state 1; types: 1 <-> 1	error:	1.00183
state 2; types: 1 <-> 1	error:	1.00799
types: 1 <-> 1	sum  of errors:	1.00367
=======
iteration:	161
=======
reading in target: q0/query.dcd
reading in target: q2/query.dcd
reading in target: q3/query.dcd
state 0; types: 1 <-> 1	error:	0.998821
state 1; types: 1 <-> 1	error:	1.00011
state 2; types: 1 <-> 1	error:	0.998087
types: 1 <-> 1	sum  of errors:	0.999005
=======
iteration:	162
=======
reading in target: q0/query.dcd
reading in target: q2/query.dcd
reading in target: q3/query.dcd
state 0; types: 1 <-> 1	error:	0.99811
state 1; types: 1 <-> 1	error:	0.996327
state 2; types: 1 <-> 1	error:	1.00409
types: 1 <-> 1	sum  of errors:	0.999509
=======
iteration:	163
=======
reading in target: q0/query.dcd
reading in target: q2/query.dcd
reading in target: q3/query.dcd
state 0; types: 1 <-> 1	error:	0.999579
state 1; types: 1 <-> 1	error:	0.997622
state 2; types: 1 <-> 1	error:	0.999819
types: 1 <-> 1	sum  of errors:	0.999007
=======
iteration:	164
=======
reading in target: q0/query.dcd
reading in target: q2/query.dcd
reading in target: q3/query.dcd
state 0; types: 1 <-> 1	error:	1.00069
state 1; types: 1 <-> 1	error:	0.999772
state 2; types: 1 <-> 1	error:	1.00244
types: 1 <-> 1	sum  of errors:	1.00097
=======
iteration:	165
=======
reading in target: q0/query.dcd
reading in target: q2/query.dcd
reading in target: q3/query.dcd
state 0; types: 1 <-> 1	error:	0.999367
state 1; types: 1 <-> 1	error:	1.00112
state 2; types: 1 <-> 1	error:	1.00383
types: 1 <-> 1	sum  of errors:	1.00144
=======
iteration:	166
=======
reading in target: q0/query.dcd
reading in target: q2/query.dcd
reading in target: q3/query.dcd
state 0; types: 1 <-> 1	error:	1.00029
state 1; types: 1 <-> 1	error:	0.998057
state 2; types: 1 <-> 1	error:	0.999219
types: 1 <-> 1	sum  of errors:	0.999187
=======
iteration:	167
=======
reading in target: q0/query.dcd
reading in target: q2/query.dcd
reading in target: q3/query.dcd
state 0; types: 1 <-> 1	error:	0.998031
state 1; types: 1 <-> 1	error:	0.998546
state 2; types: 1 <-> 1	error:	1.00297
types: 1 <-> 1	sum  of errors:	0.999849
=======
iteration:	168
=======
reading in target: q0/query.dcd
reading in target: q2/query.dcd
reading in target: q3/query.dcd
state 0; types: 1 <-> 1	error:	1.00042
state 1; types: 1 <-> 1	error:	0.997324
state 2; types: 1 <-> 1	error:	1.00083
types: 1 <-> 1	sum  of errors:	0.999526
=======
iteration:	169
=======
reading in target: q0/query.dcd
reading in target: q2/query.dcd
reading in target: q3/query.dcd
state 0; types: 1 <-> 1	error:	1.00049
state 1; types: 1 <-> 1	error:	1.00058
state 2; types: 1 <-> 1	error:	1.00252
types: 1 <-> 1	sum  of errors:	1.0012
=======
iteration:	170
=======
reading in target: q0/query.dcd
reading in target: q2/query.dcd
reading in target: q3/query.dcd
state 0; types: 1 <-> 1	error:	0.99846
state 1; types: 1 <-> 1	error:	0.999132
state 2; types: 1 <-> 1	error:	1.00328
types: 1 <-> 1	sum  of errors:	1.00029
=======
iteration:	171
=======
reading in target: q0/query.dcd
reading in target: q2/query.dcd
reading in target: q3/query.dcd
state 0; types: 1 <-> 1	error:	0.998535
state 1; types: 1 <-> 1	error:	0.997822
state 2; types: 1 <-> 1	error:	1.00091
types: 1 <-> 1	sum  of errors:	0.99909
=======
iteration:	172
=======
reading in target: q0/query.dcd
reading in target: q2/query.dcd
reading in target: q3/query.dcd
state 0; types: 1 <-> 1	error:	0.999234
state 1; types: 1 <-> 1	error:	1.00095
state 2; types: 1 <-> 1	error:	0.998404
types: 1 <-> 1	sum  of errors:	0.999529
=======
iteration:	173
=======
reading in target: q0/query.dcd
reading in target: q2/query.dcd
reading in target: q3/query.dcd
state 0; types: 1 <-> 1	error:	0.998383
state 1; types: 1 <-> 1	error:	1.00059
state 2; types: 1 <-> 1	error:	1.00067
types: 1 <-> 1	sum  of errors:	0.999881
=======
iteration:	174
=======
reading in target: q0/query.dcd
reading in target: q2/query.dcd
reading in target: q3/query.dcd
state 0; types: 1 <-> 1	error:	0.999186
state 1; types: 1 <-> 1	error:	0.999633
state 2; types: 1 <-> 1	error:	0.999617
types: 1 <-> 1	sum  of errors:	0.999479
=======
iteration:	175
=======
reading in target: q0/query.dcd
reading in target: q2/query.dcd
reading in target: q3/query.dcd
state 0; types: 1 <-> 1	error:	0.997605
state 1; types: 1 <-> 1	error:	0.999804
state 2; types: 1 <-> 1	error:	1.00067
types: 1 <-> 1	sum  of errors:	0.99936
=======
iteration:	176
=======
reading in target: q0/query.dcd
reading in target: q2/query.dcd
reading in target: q3/query.dcd
state 0; types: 1 <-> 1	error:	1.00071
state 1; types: 1 <-> 1	error:	1.00083
state 2; types: 1 <-> 1	error:	0.997002
types: 1 <-> 1	sum  of errors:	0.999515
=======
iteration:	177
=======
reading in target: q0/query.dcd
reading in target: q2/query.dcd
reading in target: q3/query.dcd
state 0; types: 1 <-> 1	error:	1.00098
state 1; types: 1 <-> 1	error:	1.00117
state 2; types: 1 <-> 1	error:	1.00355
types: 1 <-> 1	sum  of errors:	1.0019
=======
iteration:	178
=======
reading in target: q0/query.dcd
reading in target: q2/query.dcd
reading in target: q3/query.dcd
state 0; types: 1 <-> 1	error:	1.00004
state 1; types: 1 <-> 1	error:	1.00104
state 2; types: 1 <-> 1	error:	1.00094
types: 1 <-> 1	sum  of errors:	1.00068
=======
iteration:	179
=======
reading in target: q0/query.dcd
reading in target: q2/query.dcd
reading in target: q3/query.dcd
state 0; types: 1 <-> 1	error:	0.996456
state 1; types: 1 <-> 1	error:	0.998165
state 2; types: 1 <-> 1	error:	1.00577
types: 1 <-> 1	sum  of errors:	1.00013
=======
iteration:	180
=======
reading in target: q0/query.dcd
reading in target: q2/query.dcd
reading in target: q3/query.dcd
state 0; types: 1 <-> 1	error:	1.00005
state 1; types: 1 <-> 1	error:	0.996068
state 2; types: 1 <-> 1	error:	1.00049
types: 1 <-> 1	sum  of errors:	0.998872
=======
iteration:	181
=======
reading in target: q0/query.dcd
reading in target: q2/query.dcd
reading in target: q3/query.dcd
state 0; types: 1 <-> 1	error:	0.99897
state 1; types: 1 <-> 1	error:	0.999887
state 2; types: 1 <-> 1	error:	1.00045
types: 1 <-> 1	sum  of errors:	0.99977
=======
iteration:	182
=======
reading in target: q0/query.dcd
reading in target: q2/query.dcd
reading in target: q3/query.dcd
state 0; types: 1 <-> 1	error:	1.00051
state 1; types: 1 <-> 1	error:	1.0008
state 2; types: 1 <-> 1	error:	1.00084
types: 1 <-> 1	sum  of errors:	1.00072
=======
iteration:	183
=======
reading in target: q0/query.dcd
reading in target: q2/query.dcd
reading in target: q3/query.dcd
state 0; types: 1 <-> 1	error:	1.00022
state 1; types: 1 <-> 1	error:	0.999121
state 2; types: 1 <-> 1	error:	0.999541
types: 1 <-> 1	sum  of errors:	0.999626
=======
iteration:	184
=======
reading in target: q0/query.dcd
reading in target: q2/query.dcd
reading in target: q3/query.dcd
state 0; types: 1 <-> 1	error:	0.999954
state 1; types: 1 <-> 1	error:	0.997904
state 2; types: 1 <-> 1	error:	1.00297
types: 1 <-> 1	sum  of errors:	1.00028
=======
iteration:	185
=======
reading in target: q0/query.dcd
reading in target: q2/query.dcd
reading in target: q3/query.dcd
state 0; types: 1 <-> 1	error:	1.00053
state 1; types: 1 <-> 1	error:	0.999192
state 2; types: 1 <-> 1	error:	1.00034
types: 1 <-> 1	sum  of errors:	1.00002
=======
iteration:	186
=======
reading in target: q0/query.dcd
reading in target: q2/query.dcd
reading in target: q3/query.dcd
state 0; types: 1 <-> 1	error:	0.997979
state 1; types: 1 <-> 1	error:	1.00365
state 2; types: 1 <-> 1	error:	1.00129
types: 1 <-> 1	sum  of errors:	1.00097
=======
iteration:	187
=======
reading in target: q0/query.dcd
reading in target: q2/query.dcd
reading in target: q3/query.dcd
state 0; types: 1 <-> 1	error:	0.997878
state 1; types: 1 <-> 1	error:	0.996386
state 2; types: 1 <-> 1	error:	1.00462
types: 1 <-> 1	sum  of errors:	0.999627
=======
iteration:	188
=======
reading in target: q0/query.dcd
reading in target: q2/query.dcd
reading in target: q3/query.dcd
state 0; types: 1 <-> 1	error:	0.998697
state 1; types: 1 <-> 1	error:	1.00114
state 2; types: 1 <-> 1	error:	0.999639
types: 1 <-> 1	sum  of errors:	0.999827
=======
iteration:	189
=======
reading in target: q0/query.dcd
reading in target: q2/query.dcd
reading in target: q3/query.dcd
state 0; types: 1 <-> 1	error:	1.00408
state 1; types: 1 <-> 1	error:	1.00074
state 2; types: 1 <-> 1	error:	0.996583
types: 1 <-> 1	sum  of errors:	1.00047
=======
iteration:	190
=======
reading in target: q0/query.dcd
reading in target: q2/query.dcd
reading in target: q3/query.dcd
state 0; types: 1 <-> 1	error:	0.998844
state 1; types: 1 <-> 1	error:	1.00012
state 2; types: 1 <-> 1	error:	1.00245
types: 1 <-> 1	sum  of errors:	1.00047
=======
iteration:	191
=======
reading in target: q0/query.dcd
reading in target: q2/query.dcd
reading in target: q3/query.dcd
state 0; types: 1 <-> 1	error:	0.996144
state 1; types: 1 <-> 1	error:	0.999073
state 2; types: 1 <-> 1	error:	1.0012
types: 1 <-> 1	sum  of errors:	0.998805
=======
iteration:	192
=======
reading in target: q0/query.dcd
reading in target: q2/query.dcd
reading in target: q3/query.dcd
state 0; types: 1 <-> 1	error:	1.00127
state 1; types: 1 <-> 1	error:	1.00208
state 2; types: 1 <-> 1	error:	0.99913
types: 1 <-> 1	sum  of errors:	1.00083
=======
iteration:	193
=======
reading in target: q0/query.dcd
reading in target: q2/query.dcd
reading in target: q3/query.dcd
state 0; types: 1 <-> 1	error:	1.00137
state 1; types: 1 <-> 1	error:	0.998303
state 2; types: 1 <-> 1	error:	1.00064
types: 1 <-> 1	sum  of errors:	1.0001
=======
iteration:	194
=======
reading in target: q0/query.dcd
reading in target: q2/query.dcd
reading in target: q3/query.dcd
state 0; types: 1 <-> 1	error:	1.00197
state 1; types: 1 <-> 1	error:	1.00041
state 2; types: 1 <-> 1	error:	1.00246
types: 1 <-> 1	sum  of errors:	1.00161
=======
iteration:	195
=======
reading in target: q0/query.dcd
reading in target: q2/query.dcd
reading in target: q3/query.dcd
state 0; types: 1 <-> 1	error:	1.00048
state 1; types: 1 <-> 1	error:	0.99877
state 2; types: 1 <-> 1	error:	0.995908
types: 1 <-> 1	sum  of errors:	0.998388
=======
iteration:	196
=======
reading in target: q0/query.dcd
reading in target: q2/query.dcd
reading in target: q3/query.dcd
state 0; types: 1 <-> 1	error:	1.00272
state 1; types: 1 <-> 1	error:	0.999516
state 2; types: 1 <-> 1	error:	1.00453
types: 1 <-> 1	sum  of errors:	1.00226
=======
iteration:	197
=======
reading in target: q0/query.dcd
reading in target: q2/query.dcd
reading in target: q3/query.dcd
state 0; types: 1 <-> 1	error:	1.0003
state 1; types: 1 <-> 1	error:	1.00164
state 2; types: 1 <-> 1	error:	0.998403
types: 1 <-> 1	sum  of errors:	1.00011
=======
iteration:	198
=======
reading in target: q0/query.dcd
reading in target: q2/query.dcd
reading in target: q3/query.dcd
state 0; types: 1 <-> 1	error:	1.00087
state 1; types: 1 <-> 1	error:	0.997613
state 2; types: 1 <-> 1	error:	0.999641
types: 1 <-> 1	sum  of errors:	0.999377
=======
iteration:	199
=======
reading in target: q0/query.dcd
reading in target: q2/query.dcd
reading in target: q3/query.dcd
state 0; types: 1 <-> 1	error:	1.00266
state 1; types: 1 <-> 1	error:	0.99924
state 2; types: 1 <-> 1	error:	1.00259
types: 1 <-> 1	sum  of errors:	1.0015
=======
iteration:	200
=======
reading in target: q0/query.dcd
reading in target: q2/query.dcd
reading in target: q3/query.dcd
state 0; types: 1 <-> 1	error:	0.999089
state 1; types: 1 <-> 1	error:	0.998409
state 2; types: 1 <-> 1	error:	1.00474
types: 1 <-> 1	sum  of errors:	1.00075
